composeApp/build/intermediates/manifest_merge_blame_file/debug/processDebugMainManifest/manifest-merger-blame-debug-report.txt
1<?xml version="1.0" encoding="utf-8"?>
2<manifest xmlns:android="http://schemas.android.com/apk/res/android"
3    package="com.ai.wardrobe"
4    android:versionCode="1"
5    android:versionName="1.0" >
6
7    <uses-sdk
7-->INJECTED
8        android:minSdkVersion="24"
8-->INJECTED
9        android:targetSdkVersion="37" />
9-->INJECTED
10
11    <uses-permission android:name="android.permission.INTERNET" />
11-->src\androidMain\AndroidManifest.xml:6:5-67
11-->src\androidMain\AndroidManifest.xml:6:22-64
12    <uses-permission android:name="android.permission.CAMERA" />
12-->src\androidMain\AndroidManifest.xml:7:5-65
12-->src\androidMain\AndroidManifest.xml:7:22-62
13
14    <uses-feature
14-->src\androidMain\AndroidManifest.xml:8:5-85
15        android:name="android.hardware.camera"
15-->src\androidMain\AndroidManifest.xml:8:19-57
16        android:required="false" />
16-->src\androidMain\AndroidManifest.xml:8:58-82
17
18    <!-- For allowlist service -->
19    <uses-permission android:name="android.permission.ACCESS_NETWORK_STATE" />
19-->[com.google.mlkit:vision-internal-vkp:18.2.3] AndroidManifest.xml:7:5-79
19-->[com.google.mlkit:vision-internal-vkp:18.2.3] AndroidManifest.xml:7:22-76
20    <uses-permission
20-->[:fashionai-sdk] AndroidManifest.xml:9:5-11:38
21        android:name="android.permission.READ_EXTERNAL_STORAGE"
21-->[:fashionai-sdk] AndroidManifest.xml:10:9-64
22        android:maxSdkVersion="32" />
22-->[:fashionai-sdk] AndroidManifest.xml:11:9-35
23    <uses-permission android:name="android.permission.READ_MEDIA_IMAGES" />
23-->[:fashionai-sdk] AndroidManifest.xml:12:5-76
23-->[:fashionai-sdk] AndroidManifest.xml:12:22-73
24
25    <permission
25-->[androidx.core:core:1.18.0] AndroidManifest.xml:22:5-24:47
26        android:name="com.ai.wardrobe.DYNAMIC_RECEIVER_NOT_EXPORTED_PERMISSION"
26-->[androidx.core:core:1.18.0] AndroidManifest.xml:23:9-81
27        android:protectionLevel="signature" />
27-->[androidx.core:core:1.18.0] AndroidManifest.xml:24:9-44
28
29    <uses-permission android:name="com.ai.wardrobe.DYNAMIC_RECEIVER_NOT_EXPORTED_PERMISSION" />
29-->[androidx.core:core:1.18.0] AndroidManifest.xml:26:5-97
29-->[androidx.core:core:1.18.0] AndroidManifest.xml:26:22-94
30
31    <application
31-->src\androidMain\AndroidManifest.xml:10:5-38:19
32        android:allowBackup="true"
32-->src\androidMain\AndroidManifest.xml:11:9-35
33        android:appComponentFactory="androidx.core.app.CoreComponentFactory"
33-->[androidx.core:core:1.18.0] AndroidManifest.xml:28:18-86
34        android:debuggable="true"
35        android:extractNativeLibs="false"
35-->INJECTED
36        android:icon="@mipmap/ic_launcher"
36-->src\androidMain\AndroidManifest.xml:12:9-43
37        android:label="@string/app_name"
37-->src\androidMain\AndroidManifest.xml:13:9-41
38        android:roundIcon="@mipmap/ic_launcher_round"
38-->src\androidMain\AndroidManifest.xml:14:9-54
39        android:supportsRtl="true"
39-->src\androidMain\AndroidManifest.xml:15:9-35
40        android:testOnly="true"
41        android:theme="@style/Theme.AIWardrobe" >
41-->src\androidMain\AndroidManifest.xml:16:9-48
42        <activity
42-->src\androidMain\AndroidManifest.xml:18:9-26:20
43            android:name="com.ai.wardrobe.MainActivity"
43-->src\androidMain\AndroidManifest.xml:19:13-56
44            android:exported="true"
44-->src\androidMain\AndroidManifest.xml:20:13-36
45            android:theme="@style/Theme.AIWardrobe" >
45-->src\androidMain\AndroidManifest.xml:21:13-52
46            <intent-filter>
46-->src\androidMain\AndroidManifest.xml:22:13-25:29
47                <action android:name="android.intent.action.MAIN" />
47-->src\androidMain\AndroidManifest.xml:23:17-69
47-->src\androidMain\AndroidManifest.xml:23:25-66
48
49                <category android:name="android.intent.category.LAUNCHER" />
49-->src\androidMain\AndroidManifest.xml:24:17-77
49-->src\androidMain\AndroidManifest.xml:24:27-74
50            </intent-filter>
51        </activity>
52
53        <provider
53-->INJECTED
54            android:name="androidx.core.content.FileProvider"
54-->src\androidMain\AndroidManifest.xml:29:13-62
55            android:authorities="com.ai.wardrobe.composeapp.fileprovider"
55-->INJECTED
56            android:exported="false"
56-->src\androidMain\AndroidManifest.xml:31:13-37
57            android:grantUriPermissions="true" >
57-->src\androidMain\AndroidManifest.xml:32:13-47
58            <meta-data
58-->src\androidMain\AndroidManifest.xml:34:13-36:54
59                android:name="android.support.FILE_PROVIDER_PATHS"
59-->src\androidMain\AndroidManifest.xml:35:17-67
60                android:resource="@xml/file_paths" />
60-->src\androidMain\AndroidManifest.xml:36:17-51
61        </provider>
62        <!--
63        Service for holding metadata. Cannot be instantiated.
64        Metadata will be merged from other manifests.
65        -->
66        <service
66-->[androidx.camera:camera-core:1.5.0] AndroidManifest.xml:29:9-33:78
67            android:name="androidx.camera.core.impl.MetadataHolderService"
67-->[androidx.camera:camera-core:1.5.0] AndroidManifest.xml:30:13-75
68            android:enabled="false"
68-->[androidx.camera:camera-core:1.5.0] AndroidManifest.xml:31:13-36
69            android:exported="false" >
69-->[androidx.camera:camera-core:1.5.0] AndroidManifest.xml:32:13-37
70            <meta-data
70-->[androidx.camera:camera-camera2:1.5.0] AndroidManifest.xml:30:13-32:89
71                android:name="androidx.camera.core.impl.MetadataHolderService.DEFAULT_CONFIG_PROVIDER"
71-->[androidx.camera:camera-camera2:1.5.0] AndroidManifest.xml:31:17-103
72                android:value="androidx.camera.camera2.Camera2Config$DefaultProvider" />
72-->[androidx.camera:camera-camera2:1.5.0] AndroidManifest.xml:32:17-86
73        </service>
74        <service
74-->[com.google.mlkit:image-labeling:17.0.9] AndroidManifest.xml:8:9-14:19
75            android:name="com.google.mlkit.common.internal.MlKitComponentDiscoveryService"
75-->[com.google.mlkit:image-labeling:17.0.9] AndroidManifest.xml:9:13-91
76            android:directBootAware="true"
76-->[com.google.mlkit:common:18.11.0] AndroidManifest.xml:17:13-43
77            android:exported="false" >
77-->[com.google.mlkit:image-labeling:17.0.9] AndroidManifest.xml:10:13-37
78            <meta-data
78-->[com.google.mlkit:image-labeling:17.0.9] AndroidManifest.xml:11:13-13:85
79                android:name="com.google.firebase.components:com.google.mlkit.vision.label.defaults.internal.BundledLabelRegistrar"
79-->[com.google.mlkit:image-labeling:17.0.9] AndroidManifest.xml:12:17-132
80                android:value="com.google.firebase.components.ComponentRegistrar" />
80-->[com.google.mlkit:image-labeling:17.0.9] AndroidManifest.xml:13:17-82
81            <meta-data
81-->[com.google.mlkit:vision-internal-vkp:18.2.3] AndroidManifest.xml:14:13-16:85
82                android:name="com.google.firebase.components:com.google.mlkit.vision.vkp.VkpRegistrar"
82-->[com.google.mlkit:vision-internal-vkp:18.2.3] AndroidManifest.xml:15:17-103
83                android:value="com.google.firebase.components.ComponentRegistrar" />
83-->[com.google.mlkit:vision-internal-vkp:18.2.3] AndroidManifest.xml:16:17-82
84            <meta-data
84-->[com.google.android.gms:play-services-mlkit-subject-segmentation:16.0.0-beta1] AndroidManifest.xml:11:13-13:85
85                android:name="com.google.firebase.components:com.google.mlkit.vision.segmentation.subject.internal.SubjectSegmentationRegistrar"
85-->[com.google.android.gms:play-services-mlkit-subject-segmentation:16.0.0-beta1] AndroidManifest.xml:12:17-145
86                android:value="com.google.firebase.components.ComponentRegistrar" />
86-->[com.google.android.gms:play-services-mlkit-subject-segmentation:16.0.0-beta1] AndroidManifest.xml:13:17-82
87            <meta-data
87-->[com.google.mlkit:vision-common:17.3.0] AndroidManifest.xml:12:13-14:85
88                android:name="com.google.firebase.components:com.google.mlkit.vision.common.internal.VisionCommonRegistrar"
88-->[com.google.mlkit:vision-common:17.3.0] AndroidManifest.xml:13:17-124
89                android:value="com.google.firebase.components.ComponentRegistrar" />
89-->[com.google.mlkit:vision-common:17.3.0] AndroidManifest.xml:14:17-82
90            <meta-data
90-->[com.google.mlkit:common:18.11.0] AndroidManifest.xml:20:13-22:85
91                android:name="com.google.firebase.components:com.google.mlkit.common.internal.CommonComponentRegistrar"
91-->[com.google.mlkit:common:18.11.0] AndroidManifest.xml:21:17-120
92                android:value="com.google.firebase.components.ComponentRegistrar" />
92-->[com.google.mlkit:common:18.11.0] AndroidManifest.xml:22:17-82
93        </service>
94
95        <provider
95-->[com.google.mlkit:common:18.11.0] AndroidManifest.xml:9:9-13:38
96            android:name="com.google.mlkit.common.internal.MlKitInitProvider"
96-->[com.google.mlkit:common:18.11.0] AndroidManifest.xml:10:13-78
97            android:authorities="com.ai.wardrobe.mlkitinitprovider"
97-->[com.google.mlkit:common:18.11.0] AndroidManifest.xml:11:13-69
98            android:exported="false"
98-->[com.google.mlkit:common:18.11.0] AndroidManifest.xml:12:13-37
99            android:initOrder="99" />
99-->[com.google.mlkit:common:18.11.0] AndroidManifest.xml:13:13-35
100
101        <activity
101-->[com.google.android.gms:play-services-base:18.5.0] AndroidManifest.xml:5:9-173
102            android:name="com.google.android.gms.common.api.GoogleApiActivity"
102-->[com.google.android.gms:play-services-base:18.5.0] AndroidManifest.xml:5:19-85
103            android:exported="false"
103-->[com.google.android.gms:play-services-base:18.5.0] AndroidManifest.xml:5:146-170
104            android:theme="@android:style/Theme.Translucent.NoTitleBar" />
104-->[com.google.android.gms:play-services-base:18.5.0] AndroidManifest.xml:5:86-145
105
106        <provider
106-->[org.jetbrains.compose.components:components-resources-android:1.10.3] AndroidManifest.xml:8:9-13:20
107            android:name="org.jetbrains.compose.resources.AndroidContextProvider"
107-->[org.jetbrains.compose.components:components-resources-android:1.10.3] AndroidManifest.xml:9:13-82
108            android:authorities="com.ai.wardrobe.resources.AndroidContextProvider"
108-->[org.jetbrains.compose.components:components-resources-android:1.10.3] AndroidManifest.xml:10:13-84
109            android:enabled="true"
109-->[org.jetbrains.compose.components:components-resources-android:1.10.3] AndroidManifest.xml:11:13-35
110            android:exported="false" >
110-->[org.jetbrains.compose.components:components-resources-android:1.10.3] AndroidManifest.xml:12:13-37
111        </provider>
112        <provider
112-->[androidx.emoji2:emoji2:1.4.0] AndroidManifest.xml:24:9-32:20
113            android:name="androidx.startup.InitializationProvider"
113-->[androidx.emoji2:emoji2:1.4.0] AndroidManifest.xml:25:13-67
114            android:authorities="com.ai.wardrobe.androidx-startup"
114-->[androidx.emoji2:emoji2:1.4.0] AndroidManifest.xml:26:13-68
115            android:exported="false" >
115-->[androidx.emoji2:emoji2:1.4.0] AndroidManifest.xml:27:13-37
116            <meta-data
116-->[androidx.emoji2:emoji2:1.4.0] AndroidManifest.xml:29:13-31:52
117                android:name="androidx.emoji2.text.EmojiCompatInitializer"
117-->[androidx.emoji2:emoji2:1.4.0] AndroidManifest.xml:30:17-75
118                android:value="androidx.startup" />
118-->[androidx.emoji2:emoji2:1.4.0] AndroidManifest.xml:31:17-49
119            <meta-data
119-->[androidx.lifecycle:lifecycle-process:2.9.4] AndroidManifest.xml:29:13-31:52
120                android:name="androidx.lifecycle.ProcessLifecycleInitializer"
120-->[androidx.lifecycle:lifecycle-process:2.9.4] AndroidManifest.xml:30:17-78
121                android:value="androidx.startup" />
121-->[androidx.lifecycle:lifecycle-process:2.9.4] AndroidManifest.xml:31:17-49
122            <meta-data
122-->[androidx.profileinstaller:profileinstaller:1.4.1] AndroidManifest.xml:29:13-31:52
123                android:name="androidx.profileinstaller.ProfileInstallerInitializer"
123-->[androidx.profileinstaller:profileinstaller:1.4.1] AndroidManifest.xml:30:17-85
124                android:value="androidx.startup" />
124-->[androidx.profileinstaller:profileinstaller:1.4.1] AndroidManifest.xml:31:17-49
125        </provider>
126
127        <uses-library
127-->[androidx.window:window:1.5.0] AndroidManifest.xml:23:9-25:40
128            android:name="androidx.window.extensions"
128-->[androidx.window:window:1.5.0] AndroidManifest.xml:24:13-54
129            android:required="false" />
129-->[androidx.window:window:1.5.0] AndroidManifest.xml:25:13-37
130        <uses-library
130-->[androidx.window:window:1.5.0] AndroidManifest.xml:26:9-28:40
131            android:name="androidx.window.sidecar"
131-->[androidx.window:window:1.5.0] AndroidManifest.xml:27:13-51
132            android:required="false" />
132-->[androidx.window:window:1.5.0] AndroidManifest.xml:28:13-37
133
134        <meta-data
134-->[com.google.android.gms:play-services-basement:18.4.0] AndroidManifest.xml:6:9-122
135            android:name="com.google.android.gms.version"
135-->[com.google.android.gms:play-services-basement:18.4.0] AndroidManifest.xml:6:20-65
136            android:value="@integer/google_play_services_version" />
136-->[com.google.android.gms:play-services-basement:18.4.0] AndroidManifest.xml:6:66-119
137
138        <receiver
138-->[androidx.profileinstaller:profileinstaller:1.4.1] AndroidManifest.xml:34:9-52:20
139            android:name="androidx.profileinstaller.ProfileInstallReceiver"
139-->[androidx.profileinstaller:profileinstaller:1.4.1] AndroidManifest.xml:35:13-76
140            android:directBootAware="false"
140-->[androidx.profileinstaller:profileinstaller:1.4.1] AndroidManifest.xml:36:13-44
141            android:enabled="true"
141-->[androidx.profileinstaller:profileinstaller:1.4.1] AndroidManifest.xml:37:13-35
142            android:exported="true"
142-->[androidx.profileinstaller:profileinstaller:1.4.1] AndroidManifest.xml:38:13-36
143            android:permission="android.permission.DUMP" >
143-->[androidx.profileinstaller:profileinstaller:1.4.1] AndroidManifest.xml:39:13-57
144            <intent-filter>
144-->[androidx.profileinstaller:profileinstaller:1.4.1] AndroidManifest.xml:40:13-42:29
145                <action android:name="androidx.profileinstaller.action.INSTALL_PROFILE" />
145-->[androidx.profileinstaller:profileinstaller:1.4.1] AndroidManifest.xml:41:17-91
145-->[androidx.profileinstaller:profileinstaller:1.4.1] AndroidManifest.xml:41:25-88
146            </intent-filter>
147            <intent-filter>
147-->[androidx.profileinstaller:profileinstaller:1.4.1] AndroidManifest.xml:43:13-45:29
148                <action android:name="androidx.profileinstaller.action.SKIP_FILE" />
148-->[androidx.profileinstaller:profileinstaller:1.4.1] AndroidManifest.xml:44:17-85
148-->[androidx.profileinstaller:profileinstaller:1.4.1] AndroidManifest.xml:44:25-82
149            </intent-filter>
150            <intent-filter>
150-->[androidx.profileinstaller:profileinstaller:1.4.1] AndroidManifest.xml:46:13-48:29
151                <action android:name="androidx.profileinstaller.action.SAVE_PROFILE" />
151-->[androidx.profileinstaller:profileinstaller:1.4.1] AndroidManifest.xml:47:17-88
151-->[androidx.profileinstaller:profileinstaller:1.4.1] AndroidManifest.xml:47:25-85
152            </intent-filter>
153            <intent-filter>
153-->[androidx.profileinstaller:profileinstaller:1.4.1] AndroidManifest.xml:49:13-51:29
154                <action android:name="androidx.profileinstaller.action.BENCHMARK_OPERATION" />
154-->[androidx.profileinstaller:profileinstaller:1.4.1] AndroidManifest.xml:50:17-95
154-->[androidx.profileinstaller:profileinstaller:1.4.1] AndroidManifest.xml:50:25-92
155            </intent-filter>
156        </receiver>
157
158        <service
158-->[com.google.android.datatransport:transport-backend-cct:3.1.0] AndroidManifest.xml:29:9-35:19
159            android:name="com.google.android.datatransport.runtime.backends.TransportBackendDiscovery"
159-->[com.google.android.datatransport:transport-backend-cct:3.1.0] AndroidManifest.xml:30:13-103
160            android:exported="false" >
160-->[com.google.android.datatransport:transport-backend-cct:3.1.0] AndroidManifest.xml:31:13-37
161            <meta-data
161-->[com.google.android.datatransport:transport-backend-cct:3.1.0] AndroidManifest.xml:32:13-34:39
162                android:name="backend:com.google.android.datatransport.cct.CctBackendFactory"
162-->[com.google.android.datatransport:transport-backend-cct:3.1.0] AndroidManifest.xml:33:17-94
163                android:value="cct" />
163-->[com.google.android.datatransport:transport-backend-cct:3.1.0] AndroidManifest.xml:34:17-36
164        </service>
165        <service
165-->[com.google.android.datatransport:transport-runtime:3.1.0] AndroidManifest.xml:26:9-30:19
166            android:name="com.google.android.datatransport.runtime.scheduling.jobscheduling.JobInfoSchedulerService"
166-->[com.google.android.datatransport:transport-runtime:3.1.0] AndroidManifest.xml:27:13-117
167            android:exported="false"
167-->[com.google.android.datatransport:transport-runtime:3.1.0] AndroidManifest.xml:28:13-37
168            android:permission="android.permission.BIND_JOB_SERVICE" >
168-->[com.google.android.datatransport:transport-runtime:3.1.0] AndroidManifest.xml:29:13-69
169        </service>
170
171        <receiver
171-->[com.google.android.datatransport:transport-runtime:3.1.0] AndroidManifest.xml:32:9-34:40
172            android:name="com.google.android.datatransport.runtime.scheduling.jobscheduling.AlarmManagerSchedulerBroadcastReceiver"
172-->[com.google.android.datatransport:transport-runtime:3.1.0] AndroidManifest.xml:33:13-132
173            android:exported="false" />
173-->[com.google.android.datatransport:transport-runtime:3.1.0] AndroidManifest.xml:34:13-37
174        <!--
175 Applications that target Android S+ require explicit declaration of
176             any referenced vendor-provided libraries.
177        -->
178        <uses-native-library
178-->[com.google.ai.edge.litert:litert-gpu-api:1.4.2] AndroidManifest.xml:11:9-13:40
179            android:name="libOpenCL.so"
179-->[com.google.ai.edge.litert:litert-gpu-api:1.4.2] AndroidManifest.xml:12:13-40
180            android:required="false" />
180-->[com.google.ai.edge.litert:litert-gpu-api:1.4.2] AndroidManifest.xml:13:13-37
181        <uses-native-library
181-->[com.google.ai.edge.litert:litert-gpu-api:1.4.2] AndroidManifest.xml:11:9-13:40
182            android:name="libOpenCL-car.so"
182-->[com.google.ai.edge.litert:litert-gpu-api:1.4.2] AndroidManifest.xml:12:13-40
183            android:required="false" />
183-->[com.google.ai.edge.litert:litert-gpu-api:1.4.2] AndroidManifest.xml:13:13-37
184        <uses-native-library
184-->[com.google.ai.edge.litert:litert-gpu-api:1.4.2] AndroidManifest.xml:11:9-13:40
185            android:name="libOpenCL-pixel.so"
185-->[com.google.ai.edge.litert:litert-gpu-api:1.4.2] AndroidManifest.xml:12:13-40
186            android:required="false" />
186-->[com.google.ai.edge.litert:litert-gpu-api:1.4.2] AndroidManifest.xml:13:13-37
187    </application>
188
189</manifest>